0 info it worked if it ends with ok
1 verbose cli [ '/Users/Rotem/n/bin/node',
1 verbose cli   '/Users/Rotem/n/bin/npm',
1 verbose cli   'run',
1 verbose cli   'testrpc' ]
2 info using npm@4.1.2
3 info using node@v7.7.4
4 verbose run-script [ 'pretestrpc', 'testrpc', 'posttestrpc' ]
5 info lifecycle cln-crowdfunding@1.0.0~pretestrpc: cln-crowdfunding@1.0.0
6 silly lifecycle cln-crowdfunding@1.0.0~pretestrpc: no script for pretestrpc, continuing
7 info lifecycle cln-crowdfunding@1.0.0~testrpc: cln-crowdfunding@1.0.0
8 verbose lifecycle cln-crowdfunding@1.0.0~testrpc: unsafe-perm in lifecycle true
9 verbose lifecycle cln-crowdfunding@1.0.0~testrpc: PATH: /Users/Rotem/n/lib/node_modules/npm/bin/node-gyp-bin:/Users/Rotem/Documents/src/colucom/CLNCrowdfunding/node_modules/.bin:/usr/local/bin:/usr/bin:/bin:/usr/sbin:/sbin:/opt/X11/bin:/usr/local/go/bin:/usr/local/MacGPG2/bin:/Library/Frameworks/Mono.framework/Versions/Current/Commands:/Users/Rotem/n/bin:/Users/Rotem/Library/Android/sdk/platform-tools
10 verbose lifecycle cln-crowdfunding@1.0.0~testrpc: CWD: /Users/Rotem/Documents/src/colucom/CLNCrowdfunding
11 silly lifecycle cln-crowdfunding@1.0.0~testrpc: Args: [ '-c', 'scripts/testrpc.sh' ]
12 silly lifecycle cln-crowdfunding@1.0.0~testrpc: Returned: code: 1  signal: null
13 info lifecycle cln-crowdfunding@1.0.0~testrpc: Failed to exec testrpc script
14 verbose stack Error: cln-crowdfunding@1.0.0 testrpc: `scripts/testrpc.sh`
14 verbose stack Exit status 1
14 verbose stack     at EventEmitter.<anonymous> (/Users/Rotem/n/lib/node_modules/npm/lib/utils/lifecycle.js:279:16)
14 verbose stack     at emitTwo (events.js:106:13)
14 verbose stack     at EventEmitter.emit (events.js:194:7)
14 verbose stack     at ChildProcess.<anonymous> (/Users/Rotem/n/lib/node_modules/npm/lib/utils/spawn.js:40:14)
14 verbose stack     at emitTwo (events.js:106:13)
14 verbose stack     at ChildProcess.emit (events.js:194:7)
14 verbose stack     at maybeClose (internal/child_process.js:899:16)
14 verbose stack     at Process.ChildProcess._handle.onexit (internal/child_process.js:226:5)
15 verbose pkgid cln-crowdfunding@1.0.0
16 verbose cwd /Users/Rotem/Documents/src/colucom/CLNCrowdfunding
17 error Darwin 16.7.0
18 error argv "/Users/Rotem/n/bin/node" "/Users/Rotem/n/bin/npm" "run" "testrpc"
19 error node v7.7.4
20 error npm  v4.1.2
21 error code ELIFECYCLE
22 error cln-crowdfunding@1.0.0 testrpc: `scripts/testrpc.sh`
22 error Exit status 1
23 error Failed at the cln-crowdfunding@1.0.0 testrpc script 'scripts/testrpc.sh'.
23 error Make sure you have the latest version of node.js and npm installed.
23 error If you do, this is most likely a problem with the cln-crowdfunding package,
23 error not with npm itself.
23 error Tell the author that this fails on your system:
23 error     scripts/testrpc.sh
23 error You can get information on how to open an issue for this project with:
23 error     npm bugs cln-crowdfunding
23 error Or if that isn't available, you can get their info via:
23 error     npm owner ls cln-crowdfunding
23 error There is likely additional logging output above.
24 verbose exit [ 1, true ]
